<?xml version="1.0" encoding="UTF-8"?>
<!-- Generated by org.testng.reporters.JUnitReportReporter -->
<testsuite hostname="BABLOO-24" failures="0" tests="1" name="ai.iamneo.assignmenttwo.Testing_Selenium_TestngTwo.AppTest" time="12.901" errors="0" timestamp="2023-05-27T17:15:11 IST" skipped="0">
  <testcase classname="ai.iamneo.assignmenttwo.Testing_Selenium_TestngTwo.AppTest" name="titlematch" time="12.901"/>
  <system-out/>
</testsuite> <!-- ai.iamneo.assignmenttwo.Testing_Selenium_TestngTwo.AppTest -->
